2024-06-25 12:05:20.100 [info] Added views:workbench.panel.markers.view in workbench.panel.markers
2024-06-25 12:05:20.100 [info] Added views:workbench.panel.output in workbench.panel.output
2024-06-25 12:05:20.100 [info] Added views:terminal in terminal
2024-06-25 12:05:20.100 [info] Added views:outline in workbench.view.explorer
2024-06-25 12:05:20.100 [info] Added views:workbench.scm in workbench.view.scm
2024-06-25 12:05:20.100 [info] Added views:workbench.view.search in workbench.view.search
2024-06-25 12:05:20.100 [info] Added views:timeline in workbench.view.explorer
2024-06-25 12:05:20.100 [info] Added views:workbench.explorer.fileView in workbench.view.explorer
2024-06-25 12:05:20.624 [info] Added views:workbench.debug.welcome in workbench.view.debug
2024-06-25 12:05:20.666 [info] Added views:workbench.panel.repl.view in workbench.panel.repl
2024-06-25 12:05:20.965 [info] Added views:~remote.forwardedPorts in ~remote.forwardedPortsContainer
2024-06-25 12:05:50.737 [info] Added views:workbench.views.extensions.installed,workbench.views.extensions.popular,extensions.recommendedList in workbench.view.extensions
2024-06-25 12:05:50.746 [info] Removed views:workbench.views.extensions.popular from workbench.view.extensions
2024-06-25 12:05:51.047 [info] Added views:workbench.views.extensions.popular in workbench.view.extensions
2024-06-25 12:05:55.092 [info] Removed views:extensions.recommendedList,workbench.views.extensions.popular,workbench.views.extensions.installed from workbench.view.extensions
2024-06-25 12:05:55.100 [info] Added views:workbench.views.extensions.marketplace in workbench.view.extensions
2024-06-25 12:06:10.155 [info] Removed views:workbench.views.extensions.marketplace from workbench.view.extensions
2024-06-25 12:06:10.176 [info] Added views:workbench.views.extensions.installed,workbench.views.extensions.popular,extensions.recommendedList in workbench.view.extensions
2024-06-25 12:06:11.202 [info] Added views:workbench.view.testing in workbench.view.extension.test
2024-06-25 12:06:11.334 [info] Removed views:extensions.recommendedList,workbench.views.extensions.popular,workbench.views.extensions.installed from workbench.view.extensions
2024-06-25 12:06:11.337 [info] Added views:workbench.views.extensions.marketplace in workbench.view.extensions
2024-06-25 13:01:22.360 [info] Removed views:workbench.views.extensions.marketplace from workbench.view.extensions
2024-06-25 13:01:22.379 [info] Added views:workbench.views.extensions.installed,workbench.views.extensions.popular,extensions.recommendedList in workbench.view.extensions
2024-06-25 13:01:23.787 [info] Removed views:extensions.recommendedList,workbench.views.extensions.popular,workbench.views.extensions.installed from workbench.view.extensions
2024-06-25 13:01:23.799 [info] Added views:workbench.views.extensions.marketplace in workbench.view.extensions
2024-06-25 17:08:51.073 [info] Removed views:workbench.view.testing from workbench.view.extension.test
